<?xml version="1.0" encoding="UTF-8"?>
<testng-results skipped="0" failed="0" ignored="0" total="2" passed="2">
  <reporter-output>
  </reporter-output>
  <suite name="Suite" duration-ms="16072" started-at="2020-04-03T10:24:44 IST" finished-at="2020-04-03T10:25:00 IST">
    <groups>
    </groups>
    <test name="LoginTest" duration-ms="16072" started-at="2020-04-03T10:24:44 IST" finished-at="2020-04-03T10:25:00 IST">
      <class name="Learning.framwork.LoginTest">
        <test-method status="PASS" signature="loginTest(java.util.Hashtable)[pri:0, instance:Learning.framwork.LoginTest@3da30852]" name="loginTest" duration-ms="14637" started-at="2020-04-03T10:24:44 IST" data-provider="dp" finished-at="2020-04-03T10:24:59 IST">
          <params>
            <param index="0">
              <value>
                <![CDATA[{password=P@ssw0rd, runmode=Y, username=vaishali.zachrich}]]>
              </value>
            </param>
          </params>
          <reporter-output>
          </reporter-output>
        </test-method> <!-- loginTest -->
        <test-method status="PASS" signature="loginTest(java.util.Hashtable)[pri:0, instance:Learning.framwork.LoginTest@3da30852]" name="loginTest" duration-ms="601" started-at="2020-04-03T10:24:59 IST" data-provider="dp" finished-at="2020-04-03T10:25:00 IST">
          <params>
            <param index="0">
              <value>
                <![CDATA[{password=P@ssw0rd, runmode=Y, username=test.account}]]>
              </value>
            </param>
          </params>
          <reporter-output>
          </reporter-output>
        </test-method> <!-- loginTest -->
        <test-method status="PASS" signature="tearDown()[pri:0, instance:Learning.framwork.LoginTest@3da30852]" name="tearDown" is-config="true" duration-ms="1" started-at="2020-04-03T10:25:00 IST" finished-at="2020-04-03T10:25:00 IST">
          <reporter-output>
          </reporter-output>
        </test-method> <!-- tearDown -->
        <test-method status="PASS" signature="quit()[pri:0, instance:Learning.framwork.LoginTest@3da30852]" name="quit" is-config="true" duration-ms="699" started-at="2020-04-03T10:25:00 IST" depends-on-methods="Learning.framwork.LoginTest.tearDown" finished-at="2020-04-03T10:25:00 IST">
          <reporter-output>
          </reporter-output>
        </test-method> <!-- quit -->
      </class> <!-- Learning.framwork.LoginTest -->
    </test> <!-- LoginTest -->
  </suite> <!-- Suite -->
</testng-results>
